<component name="libraryTable">
  <library name="junit-libs">
    <CLASSES>
      <root url="file://$USER_HOME$/Downloads/尚硅谷Java入门教程，java电子书+Java面试真题（2023新版）/課件/06_軟件與資料/05-資料/junit-libs" />
    </CLASSES>
    <JAVADOC />
    <SOURCES />
    <jarDirectory url="file://$USER_HOME$/Downloads/尚硅谷Java入门教程，java电子书+Java面试真题（2023新版）/課件/06_軟件與資料/05-資料/junit-libs" recursive="false" />
  </library>
</component>